# JRE version: OpenJDK Runtime Environment (8.0_242-b01) (build 1.8.0_242-release-1644-b01)
# Java VM: OpenJDK 64-Bit Server VM (25.242-b01 mixed mode windows-amd64 compressed oops)
Heap:
 PSYoungGen      total 539648K, used 539631K [0x00000000d5580000, 0x0000000100000000, 0x0000000100000000)
  eden space 380416K, 100% used [0x00000000d5580000,0x00000000ec900000,0x00000000ec900000)
  from space 159232K, 99% used [0x00000000ec900000,0x00000000f647beb0,0x00000000f6480000)
  to   space 159232K, 26% used [0x00000000f6480000,0x00000000f8e78790,0x0000000100000000)
 ParOldGen       total 828928K, used 584949K [0x0000000080000000, 0x00000000b2980000, 0x00000000d5580000)
  object space 828928K, 70% used [0x0000000080000000,0x00000000a3b3d7a8,0x00000000b2980000)
 Metaspace       used 130894K, capacity 137608K, committed 137752K, reserved 1169408K
  class space    used 16711K, capacity 17934K, committed 17968K, reserved 1048576K
GC Heap History (10 events):
Event: 301.187 GC heap after
Heap after GC invocations=117 (full 8):
 PSYoungGen      total 413696K, used 128K [0x00000000d5580000, 0x0000000100000000, 0x0000000100000000)
  eden space 413184K, 0% used [0x00000000d5580000,0x00000000d5580000,0x00000000ee900000)
  from space 512K, 25% used [0x00000000ee900000,0x00000000ee920000,0x00000000ee980000)
  to   space 143872K, 0% used [0x00000000f7380000,0x00000000f7380000,0x0000000100000000)
 ParOldGen       total 828928K, used 517434K [0x0000000080000000, 0x00000000b2980000, 0x00000000d5580000)
  object space 828928K, 62% used [0x0000000080000000,0x000000009f94eb28,0x00000000b2980000)
 Metaspace       used 130864K, capacity 137518K, committed 137752K, reserved 1169408K
  class space    used 16709K, capacity 17931K, committed 17968K, reserved 1048576K
}
Event: 301.371 GC heap before
{Heap before GC invocations=118 (full 8):
 PSYoungGen      total 413696K, used 413312K [0x00000000d5580000, 0x0000000100000000, 0x0000000100000000)
  eden space 413184K, 100% used [0x00000000d5580000,0x00000000ee900000,0x00000000ee900000)
  from space 512K, 25% used [0x00000000ee900000,0x00000000ee920000,0x00000000ee980000)
  to   space 143872K, 0% used [0x00000000f7380000,0x00000000f7380000,0x0000000100000000)
 ParOldGen       total 828928K, used 517434K [0x0000000080000000, 0x00000000b2980000, 0x00000000d5580000)
  object space 828928K, 62% used [0x0000000080000000,0x000000009f94eb28,0x00000000b2980000)
 Metaspace       used 130864K, capacity 137518K, committed 137752K, reserved 1169408K
  class space    used 16709K, capacity 17931K, committed 17968K, reserved 1048576K
Event: 301.376 GC heap after
Heap after GC invocations=118 (full 8):
 PSYoungGen      total 555520K, used 128K [0x00000000d5580000, 0x0000000100000000, 0x0000000100000000)
  eden space 411648K, 0% used [0x00000000d5580000,0x00000000d5580000,0x00000000ee780000)
  from space 143872K, 0% used [0x00000000f7380000,0x00000000f73a0000,0x0000000100000000)
  to   space 143360K, 0% used [0x00000000ee780000,0x00000000ee780000,0x00000000f7380000)
 ParOldGen       total 828928K, used 517466K [0x0000000080000000, 0x00000000b2980000, 0x00000000d5580000)
  object space 828928K, 62% used [0x0000000080000000,0x000000009f956b28,0x00000000b2980000)
 Metaspace       used 130864K, capacity 137518K, committed 137752K, reserved 1169408K
  class space    used 16709K, capacity 17931K, committed 17968K, reserved 1048576K
}
Event: 302.451 GC heap before
{Heap before GC invocations=119 (full 8):
 PSYoungGen      total 555520K, used 411776K [0x00000000d5580000, 0x0000000100000000, 0x0000000100000000)
  eden space 411648K, 100% used [0x00000000d5580000,0x00000000ee780000,0x00000000ee780000)
  from space 143872K, 0% used [0x00000000f7380000,0x00000000f73a0000,0x0000000100000000)
  to   space 143360K, 0% used [0x00000000ee780000,0x00000000ee780000,0x00000000f7380000)
 ParOldGen       total 828928K, used 517466K [0x0000000080000000, 0x00000000b2980000, 0x00000000d5580000)
  object space 828928K, 62% used [0x0000000080000000,0x000000009f956b28,0x00000000b2980000)
 Metaspace       used 130868K, capacity 137518K, committed 137752K, reserved 1169408K
  class space    used 16709K, capacity 17931K, committed 17968K, reserved 1048576K
Event: 302.459 GC heap after
Heap after GC invocations=119 (full 8):
 PSYoungGen      total 417280K, used 5152K [0x00000000d5580000, 0x00000000ffa80000, 0x0000000100000000)
  eden space 411648K, 0% used [0x00000000d5580000,0x00000000d5580000,0x00000000ee780000)
  from space 5632K, 91% used [0x00000000ee780000,0x00000000eec88010,0x00000000eed00000)
  to   space 140800K, 0% used [0x00000000f7100000,0x00000000f7100000,0x00000000ffa80000)
 ParOldGen       total 828928K, used 517490K [0x0000000080000000, 0x00000000b2980000, 0x00000000d5580000)
  object space 828928K, 62% used [0x0000000080000000,0x000000009f95cb28,0x00000000b2980000)
 Metaspace       used 130868K, capacity 137518K, committed 137752K, reserved 1169408K
  class space    used 16709K, capacity 17931K, committed 17968K, reserved 1048576K
}
Event: 311.074 GC heap before
{Heap before GC invocations=120 (full 8):
 PSYoungGen      total 417280K, used 416800K [0x00000000d5580000, 0x00000000ffa80000, 0x0000000100000000)
  eden space 411648K, 100% used [0x00000000d5580000,0x00000000ee780000,0x00000000ee780000)
  from space 5632K, 91% used [0x00000000ee780000,0x00000000eec88010,0x00000000eed00000)
  to   space 140800K, 0% used [0x00000000f7100000,0x00000000f7100000,0x00000000ffa80000)
 ParOldGen       total 828928K, used 517490K [0x0000000080000000, 0x00000000b2980000, 0x00000000d5580000)
  object space 828928K, 62% used [0x0000000080000000,0x000000009f95cb28,0x00000000b2980000)
 Metaspace       used 130886K, capacity 137600K, committed 137752K, reserved 1169408K
  class space    used 16711K, capacity 17934K, committed 17968K, reserved 1048576K
Event: 311.106 GC heap after
Heap after GC invocations=120 (full 8):
 PSYoungGen      total 521216K, used 118584K [0x00000000d5580000, 0x0000000100000000, 0x0000000100000000)
  eden space 380416K, 0% used [0x00000000d5580000,0x00000000d5580000,0x00000000ec900000)
  from space 140800K, 84% used [0x00000000f7100000,0x00000000fe4ce3c8,0x00000000ffa80000)
  to   space 159232K, 0% used [0x00000000ec900000,0x00000000ec900000,0x00000000f6480000)
 ParOldGen       total 828928K, used 517514K [0x0000000080000000, 0x00000000b2980000, 0x00000000d5580000)
  object space 828928K, 62% used [0x0000000080000000,0x000000009f962b28,0x00000000b2980000)
 Metaspace       used 130886K, capacity 137600K, committed 137752K, reserved 1169408K
  class space    used 16711K, capacity 17934K, committed 17968K, reserved 1048576K
}
Event: 311.517 GC heap before
{Heap before GC invocations=121 (full 8):
 PSYoungGen      total 521216K, used 499000K [0x00000000d5580000, 0x0000000100000000, 0x0000000100000000)
  eden space 380416K, 100% used [0x00000000d5580000,0x00000000ec900000,0x00000000ec900000)
  from space 140800K, 84% used [0x00000000f7100000,0x00000000fe4ce3c8,0x00000000ffa80000)
  to   space 159232K, 0% used [0x00000000ec900000,0x00000000ec900000,0x00000000f6480000)
 ParOldGen       total 828928K, used 517514K [0x0000000080000000, 0x00000000b2980000, 0x00000000d5580000)
  object space 828928K, 62% used [0x0000000080000000,0x000000009f962b28,0x00000000b2980000)
 Metaspace       used 130886K, capacity 137600K, committed 137752K, reserved 1169408K
  class space    used 16711K, capacity 17934K, committed 17968K, reserved 1048576K
Event: 311.606 GC heap after
Heap after GC invocations=121 (full 8):
 PSYoungGen      total 539648K, used 159215K [0x00000000d5580000, 0x0000000100000000, 0x0000000100000000)
  eden space 380416K, 0% used [0x00000000d5580000,0x00000000d5580000,0x00000000ec900000)
  from space 159232K, 99% used [0x00000000ec900000,0x00000000f647beb0,0x00000000f6480000)
  to   space 159232K, 0% used [0x00000000f6480000,0x00000000f6480000,0x0000000100000000)
 ParOldGen       total 828928K, used 576389K [0x0000000080000000, 0x00000000b2980000, 0x00000000d5580000)
  object space 828928K, 69% used [0x0000000080000000,0x00000000a32e14f8,0x00000000b2980000)
 Metaspace       used 130886K, capacity 137600K, committed 137752K, reserved 1169408K
  class space    used 16711K, capacity 17934K, committed 17968K, reserved 1048576K
}
Event: 312.288 GC heap before
{Heap before GC invocations=122 (full 8):
 PSYoungGen      total 539648K, used 539631K [0x00000000d5580000, 0x0000000100000000, 0x0000000100000000)
  eden space 380416K, 100% used [0x00000000d5580000,0x00000000ec900000,0x00000000ec900000)
  from space 159232K, 99% used [0x00000000ec900000,0x00000000f647beb0,0x00000000f6480000)
  to   space 159232K, 0% used [0x00000000f6480000,0x00000000f6480000,0x0000000100000000)
 ParOldGen       total 828928K, used 576389K [0x0000000080000000, 0x00000000b2980000, 0x00000000d5580000)
  object space 828928K, 69% used [0x0000000080000000,0x00000000a32e14f8,0x00000000b2980000)
 Metaspace       used 130894K, capacity 137608K, committed 137752K, reserved 1169408K
  class space    used 16711K, capacity 17934K, committed 17968K, reserved 1048576K

